<?xml version="1.0" encoding="UTF-8" ?>
<testsuite tests="11" failures="0" name="com.stir.cscu9t4practical1.CycleEntryTest" time="0.054" errors="0" skipped="0">
  <properties>
[...]
</properties>
  <testcase classname="com.stir.cscu9t4practical1.CycleEntryTest" name="com.stir.cscu9t4practical1.CycleEntryTest.testGetDay" time="0.039"/>
  <testcase classname="com.stir.cscu9t4practical1.CycleEntryTest" name="com.stir.cscu9t4practical1.CycleEntryTest.testGetMonth" time="0"/>
  <testcase classname="com.stir.cscu9t4practical1.CycleEntryTest" name="com.stir.cscu9t4practical1.CycleEntryTest.testGetYear" time="0"/>
  <testcase classname="com.stir.cscu9t4practical1.CycleEntryTest" name="com.stir.cscu9t4practical1.CycleEntryTest.testGetHour" time="0"/>
  <testcase classname="com.stir.cscu9t4practical1.CycleEntryTest" name="com.stir.cscu9t4practical1.CycleEntryTest.testGetMin" time="0"/>
  <testcase classname="com.stir.cscu9t4practical1.CycleEntryTest" name="com.stir.cscu9t4practical1.CycleEntryTest.testGetName" time="0"/>
  <testcase classname="com.stir.cscu9t4practical1.CycleEntryTest" name="com.stir.cscu9t4practical1.CycleEntryTest.testGetTerrain" time="0"/>
  <testcase classname="com.stir.cscu9t4practical1.CycleEntryTest" name="com.stir.cscu9t4practical1.CycleEntryTest.testGetDistance" time="0"/>
  <testcase classname="com.stir.cscu9t4practical1.CycleEntryTest" name="com.stir.cscu9t4practical1.CycleEntryTest.testGetTempo" time="0"/>
  <testcase classname="com.stir.cscu9t4practical1.CycleEntryTest" name="com.stir.cscu9t4practical1.CycleEntryTest.testGetSec" time="0"/>
  <testcase classname="com.stir.cscu9t4practical1.CycleEntryTest" name="com.stir.cscu9t4practical1.CycleEntryTest.testGetEntry" time="0.015"/>
</testsuite>